<?xml version="1.0" encoding="utf-8"?><testsuites name="pytest tests"><testsuite name="pytest" errors="0" failures="0" skipped="0" tests="14" time="1.889" timestamp="2026-02-17T13:42:55.723026+00:00" hostname="agent-env-9b66e418-75bc-4577-8ee7-3a79719e484c"><testcase classname="backend.tests.test_dashboard_v2.TestDashboardV2Endpoint" name="test_dashboard_v2_returns_200" time="0.478" /><testcase classname="backend.tests.test_dashboard_v2.TestDashboardV2Endpoint" name="test_dashboard_v2_has_required_fields" time="0.063" /><testcase classname="backend.tests.test_dashboard_v2.TestDashboardV2Endpoint" name="test_goal_progress_structure" time="0.069" /><testcase classname="backend.tests.test_dashboard_v2.TestDashboardV2Endpoint" name="test_job_search_score_structure" time="0.079" /><testcase classname="backend.tests.test_dashboard_v2.TestDashboardV2Endpoint" name="test_weekly_evolution_structure" time="0.065" /><testcase classname="backend.tests.test_dashboard_v2.TestDashboardV2Endpoint" name="test_insights_is_list" time="0.073" /><testcase classname="backend.tests.test_dashboard_v2.TestDashboardV2Endpoint" name="test_priority_actions_is_list" time="0.067" /><testcase classname="backend.tests.test_dashboard_v2.TestPreferencesEndpoint" name="test_get_preferences_returns_200" time="0.068" /><testcase classname="backend.tests.test_dashboard_v2.TestPreferencesEndpoint" name="test_get_preferences_has_required_fields" time="0.051" /><testcase classname="backend.tests.test_dashboard_v2.TestPreferencesEndpoint" name="test_update_preferences" time="0.241" /><testcase classname="backend.tests.test_dashboard_v2.TestPreferencesEndpoint" name="test_partial_update_preferences" time="0.159" /><testcase classname="backend.tests.test_dashboard_v2.TestDashboardV2WithData" name="test_dashboard_reflects_new_application" time="0.185" /><testcase classname="backend.tests.test_dashboard_v2.TestUnauthorizedAccess" name="test_dashboard_v2_requires_auth" time="0.105" /><testcase classname="backend.tests.test_dashboard_v2.TestUnauthorizedAccess" name="test_preferences_requires_auth" time="0.130" /></testsuite></testsuites>