<?xml version="1.0" encoding="utf-8"?><testsuites name="pytest tests"><testsuite name="pytest" errors="0" failures="0" skipped="0" tests="47" time="94.179" timestamp="2026-02-11T22:15:20.584936+00:00" hostname="agent-env-2bc61fa8-58fe-4c6f-ac6a-37319cf7b8e2"><testcase classname="backend.tests.test_jobtracker_api.TestHealthEndpoints" name="test_health_check" time="0.115" /><testcase classname="backend.tests.test_jobtracker_api.TestHealthEndpoints" name="test_root_endpoint" time="0.046" /><testcase classname="backend.tests.test_jobtracker_api.TestAuthentication" name="test_login_success" time="0.305" /><testcase classname="backend.tests.test_jobtracker_api.TestAuthentication" name="test_login_invalid_credentials" time="0.049" /><testcase classname="backend.tests.test_jobtracker_api.TestAuthentication" name="test_login_invalid_email_format" time="0.062" /><testcase classname="backend.tests.test_jobtracker_api.TestAuthentication" name="test_register_new_user" time="0.261" /><testcase classname="backend.tests.test_jobtracker_api.TestAuthentication" name="test_register_duplicate_email" time="0.039" /><testcase classname="backend.tests.test_jobtracker_api.TestAuthentication" name="test_get_current_user" time="0.304" /><testcase classname="backend.tests.test_jobtracker_api.TestAuthentication" name="test_unauthorized_access" time="0.039" /><testcase classname="backend.tests.test_jobtracker_api.TestApplicationsCRUD" name="test_list_applications" time="0.341" /><testcase classname="backend.tests.test_jobtracker_api.TestApplicationsCRUD" name="test_create_application" time="0.391" /><testcase classname="backend.tests.test_jobtracker_api.TestApplicationsCRUD" name="test_get_application_by_id" time="0.407" /><testcase classname="backend.tests.test_jobtracker_api.TestApplicationsCRUD" name="test_update_application" time="0.455" /><testcase classname="backend.tests.test_jobtracker_api.TestApplicationsCRUD" name="test_delete_application" time="0.408" /><testcase classname="backend.tests.test_jobtracker_api.TestApplicationsCRUD" name="test_toggle_favorite" time="0.452" /><testcase classname="backend.tests.test_jobtracker_api.TestApplicationsCRUD" name="test_search_applications" time="0.296" /><testcase classname="backend.tests.test_jobtracker_api.TestApplicationsCRUD" name="test_filter_by_status" time="0.340" /><testcase classname="backend.tests.test_jobtracker_api.TestApplicationsCRUD" name="test_application_not_found" time="0.302" /><testcase classname="backend.tests.test_jobtracker_api.TestInterviews" name="test_list_interviews" time="0.367" /><testcase classname="backend.tests.test_jobtracker_api.TestInterviews" name="test_create_interview" time="0.420" /><testcase classname="backend.tests.test_jobtracker_api.TestInterviews" name="test_create_interview_with_all_types" time="4.844" /><testcase classname="backend.tests.test_jobtracker_api.TestInterviews" name="test_create_interview_with_all_formats" time="0.619" /><testcase classname="backend.tests.test_jobtracker_api.TestInterviews" name="test_get_interview_by_id" time="0.453" /><testcase classname="backend.tests.test_jobtracker_api.TestInterviews" name="test_update_interview_status" time="0.487" /><testcase classname="backend.tests.test_jobtracker_api.TestInterviews" name="test_update_interview_to_cancelled" time="1.954" /><testcase classname="backend.tests.test_jobtracker_api.TestInterviews" name="test_update_interview_details" time="22.967" /><testcase classname="backend.tests.test_jobtracker_api.TestInterviews" name="test_delete_interview" time="7.638" /><testcase classname="backend.tests.test_jobtracker_api.TestInterviews" name="test_filter_interviews_by_status_planned" time="0.479" /><testcase classname="backend.tests.test_jobtracker_api.TestInterviews" name="test_filter_interviews_by_status_completed" time="43.027" /><testcase classname="backend.tests.test_jobtracker_api.TestInterviews" name="test_get_upcoming_interviews" time="0.378" /><testcase classname="backend.tests.test_jobtracker_api.TestInterviews" name="test_interview_urgency_indicator" time="0.422" /><testcase classname="backend.tests.test_jobtracker_api.TestInterviews" name="test_interview_not_found" time="0.377" /><testcase classname="backend.tests.test_jobtracker_api.TestInterviews" name="test_interview_invalid_candidature" time="0.406" /><testcase classname="backend.tests.test_jobtracker_api.TestExport" name="test_export_json" time="0.295" /><testcase classname="backend.tests.test_jobtracker_api.TestExport" name="test_export_csv" time="0.296" /><testcase classname="backend.tests.test_jobtracker_api.TestExport" name="test_export_excel" time="0.640" /><testcase classname="backend.tests.test_jobtracker_api.TestExport" name="test_export_statistics_excel" time="0.304" /><testcase classname="backend.tests.test_jobtracker_api.TestExport" name="test_export_json_includes_interviews" time="0.295" /><testcase classname="backend.tests.test_jobtracker_api.TestExport" name="test_export_unauthorized" time="0.330" /><testcase classname="backend.tests.test_jobtracker_api.TestStatistics" name="test_dashboard_stats" time="0.305" /><testcase classname="backend.tests.test_jobtracker_api.TestStatistics" name="test_timeline_stats" time="0.299" /><testcase classname="backend.tests.test_jobtracker_api.TestStatistics" name="test_status_distribution" time="0.295" /><testcase classname="backend.tests.test_jobtracker_api.TestStatistics" name="test_type_distribution" time="0.317" /><testcase classname="backend.tests.test_jobtracker_api.TestStatistics" name="test_method_distribution" time="0.297" /><testcase classname="backend.tests.test_jobtracker_api.TestStatistics" name="test_statistics_overview" time="0.311" /><testcase classname="backend.tests.test_jobtracker_api.TestStatistics" name="test_statistics_interviews_stats" time="0.302" /><testcase classname="backend.tests.test_jobtracker_api.TestStatistics" name="test_dashboard_with_interview_count" time="0.298" /></testsuite></testsuites>