<?xml version="1.0" encoding="utf-8"?><testsuites name="pytest tests"><testsuite name="pytest" errors="0" failures="0" skipped="0" tests="27" time="7.595" timestamp="2026-02-11T22:03:46.142504+00:00" hostname="agent-env-2bc61fa8-58fe-4c6f-ac6a-37319cf7b8e2"><testcase classname="tests.test_jobtracker_api.TestHealthEndpoints" name="test_health_check" time="0.094" /><testcase classname="tests.test_jobtracker_api.TestHealthEndpoints" name="test_root_endpoint" time="0.039" /><testcase classname="tests.test_jobtracker_api.TestAuthentication" name="test_login_success" time="0.303" /><testcase classname="tests.test_jobtracker_api.TestAuthentication" name="test_login_invalid_credentials" time="0.041" /><testcase classname="tests.test_jobtracker_api.TestAuthentication" name="test_login_invalid_email_format" time="0.041" /><testcase classname="tests.test_jobtracker_api.TestAuthentication" name="test_register_new_user" time="0.264" /><testcase classname="tests.test_jobtracker_api.TestAuthentication" name="test_register_duplicate_email" time="0.044" /><testcase classname="tests.test_jobtracker_api.TestAuthentication" name="test_get_current_user" time="0.295" /><testcase classname="tests.test_jobtracker_api.TestAuthentication" name="test_unauthorized_access" time="0.037" /><testcase classname="tests.test_jobtracker_api.TestApplicationsCRUD" name="test_list_applications" time="0.302" /><testcase classname="tests.test_jobtracker_api.TestApplicationsCRUD" name="test_create_application" time="0.339" /><testcase classname="tests.test_jobtracker_api.TestApplicationsCRUD" name="test_get_application_by_id" time="0.416" /><testcase classname="tests.test_jobtracker_api.TestApplicationsCRUD" name="test_update_application" time="0.457" /><testcase classname="tests.test_jobtracker_api.TestApplicationsCRUD" name="test_delete_application" time="0.405" /><testcase classname="tests.test_jobtracker_api.TestApplicationsCRUD" name="test_toggle_favorite" time="0.484" /><testcase classname="tests.test_jobtracker_api.TestApplicationsCRUD" name="test_search_applications" time="0.298" /><testcase classname="tests.test_jobtracker_api.TestApplicationsCRUD" name="test_filter_by_status" time="0.298" /><testcase classname="tests.test_jobtracker_api.TestApplicationsCRUD" name="test_application_not_found" time="0.297" /><testcase classname="tests.test_jobtracker_api.TestInterviews" name="test_list_interviews" time="0.372" /><testcase classname="tests.test_jobtracker_api.TestInterviews" name="test_create_interview" time="0.430" /><testcase classname="tests.test_jobtracker_api.TestInterviews" name="test_get_upcoming_interviews" time="0.365" /><testcase classname="tests.test_jobtracker_api.TestStatistics" name="test_dashboard_stats" time="0.302" /><testcase classname="tests.test_jobtracker_api.TestStatistics" name="test_timeline_stats" time="0.297" /><testcase classname="tests.test_jobtracker_api.TestStatistics" name="test_status_distribution" time="0.292" /><testcase classname="tests.test_jobtracker_api.TestStatistics" name="test_type_distribution" time="0.296" /><testcase classname="tests.test_jobtracker_api.TestStatistics" name="test_method_distribution" time="0.295" /><testcase classname="tests.test_jobtracker_api.TestStatistics" name="test_statistics_overview" time="0.347" /></testsuite></testsuites>